# JRE version: Java(TM) SE Runtime Environment (8.0_231-b11) (build 1.8.0_231-b11)
# Java VM: Java HotSpot(TM) 64-Bit Server VM (25.231-b11 mixed mode windows-amd64 compressed oops)
Heap:
 PSYoungGen      total 148480K, used 129794K [0x00000000f5580000, 0x0000000100000000, 0x0000000100000000)
  eden space 122368K, 97% used [0x00000000f5580000,0x00000000fca93db0,0x00000000fcd00000)
  from space 26112K, 37% used [0x00000000fcd00000,0x00000000fd6acc28,0x00000000fe680000)
  to   space 25600K, 0% used [0x00000000fe700000,0x00000000fe700000,0x0000000100000000)
 ParOldGen       total 175104K, used 75142K [0x00000000e0000000, 0x00000000eab00000, 0x00000000f5580000)
  object space 175104K, 42% used [0x00000000e0000000,0x00000000e4961be8,0x00000000eab00000)
 Metaspace       used 55104K, capacity 57870K, committed 58112K, reserved 1099776K
  class space    used 7530K, capacity 8089K, committed 8192K, reserved 1048576K
GC Heap History (10 events):
Event: 5.904 GC heap before
{Heap before GC invocations=11 (full 2):
 PSYoungGen      total 161792K, used 159906K [0x00000000f5580000, 0x00000000fff80000, 0x0000000100000000)
  eden space 150528K, 100% used [0x00000000f5580000,0x00000000fe880000,0x00000000fe880000)
  from space 11264K, 83% used [0x00000000ff480000,0x00000000ffda89c8,0x00000000fff80000)
  to   space 11776K, 0% used [0x00000000fe880000,0x00000000fe880000,0x00000000ff400000)
 ParOldGen       total 175104K, used 15013K [0x00000000e0000000, 0x00000000eab00000, 0x00000000f5580000)
  object space 175104K, 8% used [0x00000000e0000000,0x00000000e0ea9650,0x00000000eab00000)
 Metaspace       used 43664K, capacity 45676K, committed 45824K, reserved 1089536K
  class space    used 6241K, capacity 6633K, committed 6656K, reserved 1048576K
Event: 5.921 GC heap after
Heap after GC invocations=11 (full 2):
 PSYoungGen      total 162304K, used 11744K [0x00000000f5580000, 0x0000000100000000, 0x0000000100000000)
  eden space 150528K, 0% used [0x00000000f5580000,0x00000000f5580000,0x00000000fe880000)
  from space 11776K, 99% used [0x00000000fe880000,0x00000000ff3f8030,0x00000000ff400000)
  to   space 12288K, 0% used [0x00000000ff400000,0x00000000ff400000,0x0000000100000000)
 ParOldGen       total 175104K, used 21466K [0x00000000e0000000, 0x00000000eab00000, 0x00000000f5580000)
  object space 175104K, 12% used [0x00000000e0000000,0x00000000e14f6a78,0x00000000eab00000)
 Metaspace       used 43664K, capacity 45676K, committed 45824K, reserved 1089536K
  class space    used 6241K, capacity 6633K, committed 6656K, reserved 1048576K
}
Event: 6.534 GC heap before
{Heap before GC invocations=12 (full 2):
 PSYoungGen      total 162304K, used 162272K [0x00000000f5580000, 0x0000000100000000, 0x0000000100000000)
  eden space 150528K, 100% used [0x00000000f5580000,0x00000000fe880000,0x00000000fe880000)
  from space 11776K, 99% used [0x00000000fe880000,0x00000000ff3f8030,0x00000000ff400000)
  to   space 12288K, 0% used [0x00000000ff400000,0x00000000ff400000,0x0000000100000000)
 ParOldGen       total 175104K, used 21466K [0x00000000e0000000, 0x00000000eab00000, 0x00000000f5580000)
  object space 175104K, 12% used [0x00000000e0000000,0x00000000e14f6a78,0x00000000eab00000)
 Metaspace       used 44113K, capacity 46152K, committed 46464K, reserved 1089536K
  class space    used 6248K, capacity 6673K, committed 6784K, reserved 1048576K
Event: 6.548 GC heap after
Heap after GC invocations=12 (full 2):
 PSYoungGen      total 151040K, used 12256K [0x00000000f5580000, 0x0000000100000000, 0x0000000100000000)
  eden space 138752K, 0% used [0x00000000f5580000,0x00000000f5580000,0x00000000fdd00000)
  from space 12288K, 99% used [0x00000000ff400000,0x00000000ffff8030,0x0000000100000000)
  to   space 17920K, 0% used [0x00000000fdd00000,0x00000000fdd00000,0x00000000fee80000)
 ParOldGen       total 175104K, used 27101K [0x00000000e0000000, 0x00000000eab00000, 0x00000000f5580000)
  object space 175104K, 15% used [0x00000000e0000000,0x00000000e1a774c0,0x00000000eab00000)
 Metaspace       used 44113K, capacity 46152K, committed 46464K, reserved 1089536K
  class space    used 6248K, capacity 6673K, committed 6784K, reserved 1048576K
}
Event: 7.660 GC heap before
{Heap before GC invocations=13 (full 2):
 PSYoungGen      total 151040K, used 150993K [0x00000000f5580000, 0x0000000100000000, 0x0000000100000000)
  eden space 138752K, 99% used [0x00000000f5580000,0x00000000fdcfc768,0x00000000fdd00000)
  from space 12288K, 99% used [0x00000000ff400000,0x00000000ffff8030,0x0000000100000000)
  to   space 17920K, 0% used [0x00000000fdd00000,0x00000000fdd00000,0x00000000fee80000)
 ParOldGen       total 175104K, used 27101K [0x00000000e0000000, 0x00000000eab00000, 0x00000000f5580000)
  object space 175104K, 15% used [0x00000000e0000000,0x00000000e1a774c0,0x00000000eab00000)
 Metaspace       used 49202K, capacity 51640K, committed 51712K, reserved 1093632K
  class space    used 6972K, capacity 7419K, committed 7424K, reserved 1048576K
Event: 7.687 GC heap after
Heap after GC invocations=13 (full 2):
 PSYoungGen      total 156672K, used 17899K [0x00000000f5580000, 0x0000000100000000, 0x0000000100000000)
  eden space 138752K, 0% used [0x00000000f5580000,0x00000000f5580000,0x00000000fdd00000)
  from space 17920K, 99% used [0x00000000fdd00000,0x00000000fee7adb0,0x00000000fee80000)
  to   space 17920K, 0% used [0x00000000fee80000,0x00000000fee80000,0x0000000100000000)
 ParOldGen       total 175104K, used 42670K [0x00000000e0000000, 0x00000000eab00000, 0x00000000f5580000)
  object space 175104K, 24% used [0x00000000e0000000,0x00000000e29abae8,0x00000000eab00000)
 Metaspace       used 49202K, capacity 51640K, committed 51712K, reserved 1093632K
  class space    used 6972K, capacity 7419K, committed 7424K, reserved 1048576K
}
Event: 8.801 GC heap before
{Heap before GC invocations=14 (full 2):
 PSYoungGen      total 156672K, used 156651K [0x00000000f5580000, 0x0000000100000000, 0x0000000100000000)
  eden space 138752K, 100% used [0x00000000f5580000,0x00000000fdd00000,0x00000000fdd00000)
  from space 17920K, 99% used [0x00000000fdd00000,0x00000000fee7adb0,0x00000000fee80000)
  to   space 17920K, 0% used [0x00000000fee80000,0x00000000fee80000,0x0000000100000000)
 ParOldGen       total 175104K, used 42670K [0x00000000e0000000, 0x00000000eab00000, 0x00000000f5580000)
  object space 175104K, 24% used [0x00000000e0000000,0x00000000e29abae8,0x00000000eab00000)
 Metaspace       used 51927K, capacity 54452K, committed 54656K, reserved 1095680K
  class space    used 7250K, capacity 7738K, committed 7808K, reserved 1048576K
Event: 8.819 GC heap after
Heap after GC invocations=14 (full 2):
 PSYoungGen      total 140288K, used 17519K [0x00000000f5580000, 0x0000000100000000, 0x0000000100000000)
  eden space 122368K, 0% used [0x00000000f5580000,0x00000000f5580000,0x00000000fcd00000)
  from space 17920K, 97% used [0x00000000fee80000,0x00000000fff9bfb8,0x0000000100000000)
  to   space 26112K, 0% used [0x00000000fcd00000,0x00000000fcd00000,0x00000000fe680000)
 ParOldGen       total 175104K, used 60337K [0x00000000e0000000, 0x00000000eab00000, 0x00000000f5580000)
  object space 175104K, 34% used [0x00000000e0000000,0x00000000e3aec600,0x00000000eab00000)
 Metaspace       used 51927K, capacity 54452K, committed 54656K, reserved 1095680K
  class space    used 7250K, capacity 7738K, committed 7808K, reserved 1048576K
}
Event: 9.453 GC heap before
{Heap before GC invocations=15 (full 2):
 PSYoungGen      total 140288K, used 139887K [0x00000000f5580000, 0x0000000100000000, 0x0000000100000000)
  eden space 122368K, 100% used [0x00000000f5580000,0x00000000fcd00000,0x00000000fcd00000)
  from space 17920K, 97% used [0x00000000fee80000,0x00000000fff9bfb8,0x0000000100000000)
  to   space 26112K, 0% used [0x00000000fcd00000,0x00000000fcd00000,0x00000000fe680000)
 ParOldGen       total 175104K, used 60337K [0x00000000e0000000, 0x00000000eab00000, 0x00000000f5580000)
  object space 175104K, 34% used [0x00000000e0000000,0x00000000e3aec600,0x00000000eab00000)
 Metaspace       used 53193K, capacity 55700K, committed 55808K, reserved 1097728K
  class space    used 7353K, capacity 7834K, committed 7936K, reserved 1048576K
Event: 9.466 GC heap after
Heap after GC invocations=15 (full 2):
 PSYoungGen      total 148480K, used 9907K [0x00000000f5580000, 0x0000000100000000, 0x0000000100000000)
  eden space 122368K, 0% used [0x00000000f5580000,0x00000000f5580000,0x00000000fcd00000)
  from space 26112K, 37% used [0x00000000fcd00000,0x00000000fd6acc28,0x00000000fe680000)
  to   space 25600K, 0% used [0x00000000fe700000,0x00000000fe700000,0x0000000100000000)
 ParOldGen       total 175104K, used 75142K [0x00000000e0000000, 0x00000000eab00000, 0x00000000f5580000)
  object space 175104K, 42% used [0x00000000e0000000,0x00000000e4961be8,0x00000000eab00000)
 Metaspace       used 53193K, capacity 55700K, committed 55808K, reserved 1097728K
  class space    used 7353K, capacity 7834K, committed 7936K, reserved 1048576K
}

